Gurobi version: (12, 0, 1)
 Run Number: 0
Mean of Kappa: 0.0010079527671706602 STD : 0.00026732352213173295
Mean of Gamma: 0.000988125599172058 STD : 0.0002610485379151652
Set parameter WLSAccessID
Set parameter WLSSecret
Set parameter LicenseID to value 2643397
Academic license 2643397 - for non-commercial use only - registered to co___@trinity.ox.ac.uk
Model Status = 9
Gap = 0.01802504844705351
 Run Number: 1
Mean of Kappa: 0.0010058865068667015 STD : 0.000265940523487264
Mean of Gamma: 0.0009930514732726626 STD : 0.0002675275200550506
Model Status = 9
Gap = 0.0068377613989494225
 Run Number: 2
Mean of Kappa: 0.00100032743971091 STD : 0.00026706617647730694
Mean of Gamma: 0.0010120202324674767 STD : 0.00026945480896329904
Model Status = 9
Gap = 0.018441926036208804
 Run Number: 3
Mean of Kappa: 0.0009928546217359213 STD : 0.00025977222552134126
Mean of Gamma: 0.0009989700164799592 STD : 0.0002705553087509023
Model Status = 9
Gap = 0.016374819566796678
 Run Number: 4
Mean of Kappa: 0.0010029874609096708 STD : 0.0002627601870873223
Mean of Gamma: 0.0010059329625833604 STD : 0.00027003523042776824
Model Status = 9
Gap = 0.029196193995790078
 Run Number: 5
Mean of Kappa: 0.0010008796663125421 STD : 0.00026520192016080797
Mean of Gamma: 0.0009952509315601234 STD : 0.00026594816306069863
Model Status = 9
Gap = 0.027983870920858606
 Run Number: 6
Mean of Kappa: 0.0010108285092568442 STD : 0.00026633578598876553
Mean of Gamma: 0.0010092184630331204 STD : 0.00027369814432501684
Model Status = 9
Gap = 0.031800760098807626
 Run Number: 7
Mean of Kappa: 0.0009964778856218924 STD : 0.00026481775624972764
Mean of Gamma: 0.0010009075203031065 STD : 0.0002552562978618746
Model Status = 9
Gap = 0.013832658238065156
 Run Number: 8
Mean of Kappa: 0.001006467560405772 STD : 0.00025547129005668994
Mean of Gamma: 0.0010102046380507772 STD : 0.0002626611880096677
Model Status = 9
Gap = 0.023939258631449908
 Run Number: 9
Mean of Kappa: 0.001005522378076952 STD : 0.0002671927924068751
Mean of Gamma: 0.000997049809268429 STD : 0.0002623369882484896
Model Status = 9
Gap = 0.013962610476866389
