Gurobi version: (12, 0, 1)

Processing trace file: /nfs/home/colinn/Report_AC/Report_TIM_Bayes/20250514_000825/trace_50_gap_1_seed_3.nc 
 Run Number: 0
Mean of Kappa: 0.0013494888256672596 STD : 0.0006151930516488221
Mean of Gamma: 0.0012057197686027167 STD : 0.0005295642783413626
Mean of rho: 3.2035131413764035 STD : 2.1212733454196995
Set parameter WLSAccessID
Set parameter WLSSecret
Set parameter LicenseID to value 2643397
Academic license 2643397 - for non-commercial use only - registered to co___@trinity.ox.ac.uk
Model Status = 9
Gap = 0.13229218344241034
 Run Number: 1
Mean of Kappa: 0.0013360978924471952 STD : 0.0005858147789298808
Mean of Gamma: 0.0012268122289101461 STD : 0.0005155057334874223
Mean of rho: 3.251704927022661 STD : 2.2587289722647337
Model Status = 9
Gap = 0.13219018158445273
 Run Number: 2
Mean of Kappa: 0.0013527223422160374 STD : 0.0006031725542217478
Mean of Gamma: 0.001217891320186822 STD : 0.0005268078297777606
Mean of rho: 3.203294912909152 STD : 2.254560719132194
Model Status = 9
Gap = 0.12971800286804908
 Run Number: 3
Mean of Kappa: 0.0013525615841024751 STD : 0.0006049947258955198
Mean of Gamma: 0.0012267049391923091 STD : 0.0005225517737145646
Mean of rho: 3.1885090021414024 STD : 2.119145766966744
Model Status = 2
Gap = 0.0
 Run Number: 4
Mean of Kappa: 0.0013353520567551194 STD : 0.0006027139641182613
Mean of Gamma: 0.0011975832562753934 STD : 0.0005382714368214459
Mean of rho: 3.1435113764945313 STD : 2.045742009444453
Model Status = 9
Gap = 0.1545193904254841
 Run Number: 5
Mean of Kappa: 0.0013731676889901724 STD : 0.0006234575587308176
Mean of Gamma: 0.001203471833644347 STD : 0.0005181529526002391
Mean of rho: 3.250475432766171 STD : 2.259192905653177
Model Status = 9
Gap = 0.12098076596466398
 Run Number: 6
Mean of Kappa: 0.0013219804085425506 STD : 0.0005970025968849026
Mean of Gamma: 0.0012120661374739289 STD : 0.0005384614024069524
Mean of rho: 3.1380424529991746 STD : 2.143305793641349
Model Status = 9
Gap = 0.15194739792646494
 Run Number: 7
Mean of Kappa: 0.0013424671156367705 STD : 0.0005966908699915527
Mean of Gamma: 0.0012402872188108764 STD : 0.0005324932082943647
Mean of rho: 3.1849652643720376 STD : 2.1059440674657406
Model Status = 9
Gap = 0.019019469658040983
 Run Number: 8
Mean of Kappa: 0.0013398258994278703 STD : 0.0005940071937460176
Mean of Gamma: 0.0012147636039716249 STD : 0.0005416781933381195
Mean of rho: 3.2052293706034605 STD : 2.143912892908693
Model Status = 9
Gap = 0.14219321379156716
 Run Number: 9
Mean of Kappa: 0.0013365674280113018 STD : 0.0006103409032869908
Mean of Gamma: 0.0012262056044247546 STD : 0.0005293316218447237
Mean of rho: 3.2668794566277852 STD : 2.1203676761138097
Model Status = 9
Gap = 0.14009804274363497

Processing trace file: /nfs/home/colinn/Report_AC/Report_TIM_Bayes/20250514_000825/trace_250_gap_1_seed_3.nc 
 Run Number: 0
Mean of Kappa: 0.0008762378602612029 STD : 0.0003406724776320506
Mean of Gamma: 0.0008853848636351654 STD : 0.0003386916713428483
Mean of rho: 3.0809869944433363 STD : 1.8956074643290801
Model Status = 9
Gap = 0.003345619771767472
 Run Number: 1
Mean of Kappa: 0.0008964822682838279 STD : 0.0003692690248803376
Mean of Gamma: 0.0008703979959739971 STD : 0.00033941593794392004
Mean of rho: 3.166997624741576 STD : 2.141716531954797
Model Status = 9
Gap = 0.010049416979929757
 Run Number: 2
Mean of Kappa: 0.0008870977162906367 STD : 0.0003566125453396286
Mean of Gamma: 0.0008765991494630248 STD : 0.0003310386303526382
Mean of rho: 3.236806660563645 STD : 2.1820385995163436
Model Status = 2
Gap = 0.0015948769074441186
 Run Number: 3
Mean of Kappa: 0.0008880760212479425 STD : 0.00035233489397946743
Mean of Gamma: 0.0008693092909029081 STD : 0.0003261820669317734
Mean of rho: 3.1055058449337243 STD : 2.2284675559457097
Model Status = 9
Gap = 0.0026997213507656986
 Run Number: 4
Mean of Kappa: 0.0008859517134887884 STD : 0.00035084376265612655
Mean of Gamma: 0.0008645395584941545 STD : 0.00033303253658596634
Mean of rho: 3.0723222021343997 STD : 2.072971309648973
Model Status = 2
Gap = 0.0016454771680098645
 Run Number: 5
Mean of Kappa: 0.000882245076774096 STD : 0.0003513973489168872
Mean of Gamma: 0.0008817996208437959 STD : 0.00034867996662061077
Mean of rho: 3.1268426230349555 STD : 2.0660559796820883
Model Status = 9
Gap = 0.008055846297567592
 Run Number: 6
Mean of Kappa: 0.0008903685715611728 STD : 0.0003599891920819653
Mean of Gamma: 0.0008757494850895593 STD : 0.0003278955483016582
Mean of rho: 3.1747002684107524 STD : 2.193342644621588
Model Status = 2
Gap = 0.0014799333001366286
 Run Number: 7
Mean of Kappa: 0.0008765207065099932 STD : 0.0003594221692283452
Mean of Gamma: 0.0008718264149459068 STD : 0.0003322522747770318
Mean of rho: 3.115582886161517 STD : 2.0361024756180326
Model Status = 9
Gap = 0.009084825694339743
 Run Number: 8
Mean of Kappa: 0.0008768832859631974 STD : 0.00034692381060849424
Mean of Gamma: 0.0008782260936221553 STD : 0.00032528925916511876
Mean of rho: 3.194357295542525 STD : 2.104625693808475
Model Status = 9
Gap = 0.003082665275891681
 Run Number: 9
Mean of Kappa: 0.0008764191717613629 STD : 0.00034431185170196056
Mean of Gamma: 0.0008720725439726326 STD : 0.00033197691887760546
Mean of rho: 3.0896973550478335 STD : 2.0005662104912885
Model Status = 9
Gap = 0.005233454178627362

Processing trace file: /nfs/home/colinn/Report_AC/Report_TIM_Bayes/20250514_000825/trace_2000_gap_1_seed_3.nc 
 Run Number: 0
Mean of Kappa: 0.0009021399514243207 STD : 0.0002756925957299374
Mean of Gamma: 0.0010325783433002265 STD : 0.00024527398315220213
Mean of rho: 2.6780445010906306 STD : 1.7465692126195813
Model Status = 9
Gap = 0.01903833818013723
 Run Number: 1
Mean of Kappa: 0.0009050732065508193 STD : 0.0002784602194069663
Mean of Gamma: 0.0010357138563493603 STD : 0.00023638653879558738
Mean of rho: 2.7248296190475085 STD : 1.8217097412666263
Model Status = 9
Gap = 0.0172808047526293
 Run Number: 2
Mean of Kappa: 0.0009178541923264963 STD : 0.00028118263497232515
Mean of Gamma: 0.001027482827841496 STD : 0.00024183354430547485
Mean of rho: 2.7465879819435965 STD : 1.7086274643700987
Model Status = 9
Gap = 0.016033941796484662
 Run Number: 3
Mean of Kappa: 0.0008984090461059968 STD : 0.0002683897085623932
Mean of Gamma: 0.0010338786559098922 STD : 0.00024372558110282144
Mean of rho: 2.5974750556515294 STD : 1.602346851787307
Model Status = 9
Gap = 0.015674027667937757
 Run Number: 4
Mean of Kappa: 0.0009201236061048312 STD : 0.0002742749164080978
Mean of Gamma: 0.0010231963030283876 STD : 0.0002385798379140756
Mean of rho: 2.6861303121958393 STD : 1.6670220989133693
Model Status = 9
Gap = 0.01621663974030333
 Run Number: 5
Mean of Kappa: 0.0009067387285613768 STD : 0.0002664474766904079
Mean of Gamma: 0.0010292392593331688 STD : 0.00023377865113096018
Mean of rho: 2.7461000502828004 STD : 1.7477122182920284
Model Status = 9
Gap = 0.004956236142031862
 Run Number: 6
Mean of Kappa: 0.0009034851651105667 STD : 0.0002642593295960164
Mean of Gamma: 0.0010302186312543 STD : 0.00023224277785379818
Mean of rho: 2.6945145958838506 STD : 1.762270434291275
Model Status = 9
Gap = 0.018326420872359667
 Run Number: 7
Mean of Kappa: 0.0009066854019652375 STD : 0.00027742337362172525
Mean of Gamma: 0.0010270954884078665 STD : 0.00023691270500424694
Mean of rho: 2.6932694120944554 STD : 1.6525723084978685
Model Status = 9
Gap = 0.014967972021551375
 Run Number: 8
Mean of Kappa: 0.0009175504700519778 STD : 0.0002717906791223787
Mean of Gamma: 0.001023043438332411 STD : 0.00023735681261657698
Mean of rho: 2.7114106207482966 STD : 1.6410877015564556
Model Status = 9
Gap = 0.008535537092115407
 Run Number: 9
Mean of Kappa: 0.000920708737334275 STD : 0.0002776434865234408
Mean of Gamma: 0.001027117330792332 STD : 0.0002425502153660529
Mean of rho: 2.737254861691846 STD : 1.7150508252431975
Model Status = 9
Gap = 0.013778532801610377
Optimization results saved to: TIM_opt_results_20250518_183719
