Gurobi version: (12, 0, 1)

Processing trace file: /nfs/home/colinn/Report_AC/Report_TIM_Bayes/20250514_000825/trace_2000_gap_1_seed_3.nc 
 Run Number: 0
Mean of Kappa: 0.000916095048095426
Mean of Gamma: 0.0010326032557098938
Mean of rho: 2.7424696747003434
Set parameter WLSAccessID
Set parameter WLSSecret
Set parameter LicenseID to value 2643397
Academic license 2643397 - for non-commercial use only - registered to co___@trinity.ox.ac.uk
Set parameter OutputFlag to value 1
Set parameter NonConvex to value 2
Set parameter Cuts to value 3
Set parameter Presolve to value 2
Set parameter MIPFocus to value 2
Set parameter OBBT to value 2
Set parameter Threads to value 80
Set parameter MIPGap to value 0.002
Gurobi Optimizer version 12.0.1 build v12.0.1rc0 (linux64 - "Ubuntu 22.04.5 LTS")

CPU model: Intel(R) Xeon(R) Gold 6248 CPU @ 2.50GHz, instruction set [SSE2|AVX|AVX2|AVX512]
Thread count: 40 physical cores, 80 logical processors, using up to 80 threads

Non-default parameters:
MIPGap  0.002
MIPFocus  2
OBBT  2
Cuts  3
NonConvex  2
Presolve  2
Threads  80

Academic license 2643397 - for non-commercial use only - registered to co___@trinity.ox.ac.uk
Optimize a model with 2 rows, 1511 columns and 1511 nonzeros
Model fingerprint: 0x9eaa4c90
Model has 66 quadratic objective terms
Model has 1500 quadratic constraints
Variable types: 11 continuous, 1500 integer (1500 binary)
Coefficient statistics:
  Matrix range     [1e+00, 1e+00]
  QMatrix range    [2e-05, 1e-03]
  QLMatrix range   [3e-06, 5e+03]
  Objective range  [9e-05, 7e-03]
  QObjective range [2e-04, 1e-03]
  Bounds range     [1e+00, 1e+00]
  RHS range        [2e+02, 1e+03]
  QRHS range       [2e+00, 2e+03]
Presolve added 210 rows and 103 columns
Presolve time: 0.16s
Presolved: 622 rows, 1681 columns, 27630 nonzeros
Presolved model has 66 quadratic objective terms
Presolved model has 1104 quadratic constraint(s)
Presolved model has 55 bilinear constraint(s)

Solving non-convex MIQCP

Variable types: 181 continuous, 1500 integer (1500 binary)
Root relaxation presolved: 511 rows, 520 columns, 22370 nonzeros
Root relaxation presolved model has 66 quadratic objective terms


Root relaxation: objective 7.328838e+02, 101 iterations, 0.01 seconds (0.01 work units)

    Nodes    |    Current Node    |     Objective Bounds      |     Work
 Expl Unexpl |  Obj  Depth IntInf | Incumbent    BestBd   Gap | It/Node Time

     0     0  732.88382    0   74          -  732.88382      -     -    0s
H    0     0                    1000.0000000  732.88382  26.7%     -    1s
     0     0  732.88382    0  237 1000.00000  732.88382  26.7%     -    1s
     0     0  732.89051    0  241 1000.00000  732.89051  26.7%     -    3s
     0     0  732.89051    0  244 1000.00000  732.89051  26.7%     -    3s
     0     0  732.89051    0  247 1000.00000  732.89051  26.7%     -    3s
     0     0  732.89051    0  247 1000.00000  732.89051  26.7%     -    3s
     0     2  732.89051    0  247 1000.00000  732.89051  26.7%     -    4s
   127   208  936.07129    7   40 1000.00000  732.89051  26.7%   387    5s
H  212   340                     998.5170580  732.89051  26.6%   341    5s
H 1501  1485                     997.7173168  732.89051  26.5%  82.6    8s
  2596  2451  750.53854   22  156  997.71732  732.89051  26.5%  52.4   10s
H 3121  2755                     997.1056067  732.89051  26.5%  57.6   11s
  4043  3233  990.45582   42  198  997.10561  732.89051  26.5%  51.1   56s
H 4044  3072                     991.3463892  732.89051  26.1%  51.1   61s
H 4044  2918                     990.3291869  732.89051  26.0%  51.1   61s
H 4044  2772                     990.3001992  732.89051  26.0%  51.1   61s
H 4044  2634                     990.0385735  732.89051  26.0%  51.1   62s
H 4044  2502                     989.6516161  732.89051  25.9%  51.1   62s
H 4044  2377                     989.5950590  732.89051  25.9%  51.1   62s
H 4044  2258                     989.5768472  732.89051  25.9%  51.1   63s
H 4044  2145                     989.4976787  732.89051  25.9%  51.1   63s
H 4044  2038                     989.3845650  732.89051  25.9%  51.1   64s
  4046  2039  863.76266   18   56  989.38456  732.89051  25.9%  51.1   66s
  4050  2042  931.91424   12   64  989.38456  732.89051  25.9%  51.0   71s
  4055  2045  810.76972   61   77  989.38456  732.89051  25.9%  51.0   75s
  4061  2049  800.09482   40   62  989.38456  732.89051  25.9%  50.9   80s
H 4066  1948                     955.3506153  732.89051  23.3%  54.1   82s
  4096  1982 infeasible   18       955.35062  732.89051  23.3%  55.1   88s
  4171  2057  732.90562   20  212  955.35062  732.89051  23.3%  57.1   90s
H 4441  1956                     907.3219180  732.89051  19.2%  69.6   94s
  4454  2154  848.96426   23   98  907.32192  732.89051  19.2%  69.6   95s
H 5309  2211                     906.2304806  732.89051  19.1%  68.0   96s
  6636  2672 infeasible   50       906.23048  732.89051  19.1%  66.0  100s
  6993  2765  732.94251   27  210  906.23048  732.89051  19.1%  69.6  105s
H 7265  2817                     817.0746846  732.89051  10.3%  70.8  109s
  7358  2826  732.94597   31  210  817.07468  732.89051  10.3%  71.9  110s
H 7612  2873                     808.4571458  732.89051  9.35%  73.9  111s
H 7622  2790                     808.0307730  732.89051  9.30%  73.8  111s
  9542  4352  733.14099   41  202  808.03077  732.89051  9.30%  77.7  116s
 13137  5737  733.85720   63   56  808.03077  732.89051  9.30%  79.5  123s
 13233  5790  733.85720   64   56  808.03077  732.89051  9.30%  79.9  127s
H13304  5791                     808.0307729  732.89051  9.30%  80.6  127s
H13309  5471                     776.3901838  732.89051  5.60%  80.7  127s
H13339  7043                     775.1550806  732.89051  5.45%  80.9  129s
H13389  7038                     774.7441376  732.89051  5.40%  80.8  129s
 15713  7066  732.94268   56  117  774.74414  732.89051  5.40%  84.0  134s
H15721  7063                     774.2669864  732.89051  5.34%  84.1  134s
H15723  5891                     764.3017328  732.89051  4.11%  84.1  134s
H15818  5845                     764.1075255  732.89051  4.09%  85.1  134s
 15835  6335  732.94348   57  117  764.10753  732.89051  4.09%  85.3  140s
 16459  9133  732.94348   58   75  764.10753  732.89051  4.09%  87.7  145s
H17120  9133                     764.1075250  732.89051  4.09%  88.9  145s
H20001  9116                     763.8952087  732.89051  4.06%  91.9  145s
 20806 10978  732.91925   39  216  763.89521  732.89051  4.06%  92.4  151s
 23680 11041  732.95639   50  184  763.89521  732.89051  4.06%   104  161s
H23711 11041                     763.8952086  732.89051  4.06%   105  161s
 23777 11028  732.98123   51  179  763.89521  732.89051  4.06%   105  169s
 23986 11091 infeasible   51       763.89521  732.89051  4.06%   106  181s
H23994 10917                     761.3735329  732.89051  3.74%   106  181s
H24020 10917                     761.3279556  732.89051  3.74%   106  181s
 24103 11607  732.95959   50  181  761.32796  732.89051  3.74%   107  205s
H25528 12921                     761.1538327  732.89051  3.71%   111  224s
H25568 12613                     753.2381095  732.89051  2.70%   112  224s
H26122 12451                     750.6218128  732.89051  2.36%   112  224s
 28015 13251 infeasible   85       750.62181  732.89051  2.36%   113  272s
 29792 15090  732.90112   50  194  750.62181  732.89051  2.36%   118  294s
H30048 15087                     750.6000986  732.89051  2.36%   118  294s
H31937 15059                     749.8182097  732.89051  2.26%   119  294s
 32674 24427  732.99231   53  190  749.81821  732.89051  2.26%   120  312s
 49539 24881  732.92824   54  180  749.81821  732.89051  2.26%   122  327s
 51272 24954  732.89475   49  178  749.81821  732.89051  2.26%   126  344s
 51359 24987  732.89263   49  173  749.81821  732.89051  2.26%   126  363s
H51441 24926                     749.4706117  732.89051  2.21%   126  363s
 51486 25982  732.89846   49  179  749.47061  732.89051  2.21%   126  382s
 53751 26086  732.92444   65  155  749.47061  732.89051  2.21%   129  403s
 53896 27105 infeasible   66       749.47061  732.89051  2.21%   129  423s
 56036 29495  732.93971   81   66  749.47061  732.89051  2.21%   131  445s
 61072 36947  733.39629  105  169  749.47061  732.89051  2.21%   132  463s
 75290 37744 infeasible   70       749.47061  732.89051  2.21%   135  480s
 77395 45875 infeasible   50       749.47061  732.89051  2.21%   137  497s
 91650 46484  733.27344   65  108  749.47061  732.89051  2.21%   136  513s
