Gurobi version: (12, 0, 1)
 Run Number: 0
Mean of Kappa: 0.0011250000000000003 STD : 2.168404344971009e-19
Mean of Gamma: 0.0011250000000000003 STD : 2.168404344971009e-19
Set parameter WLSAccessID
Set parameter WLSSecret
Set parameter LicenseID to value 2643397
Academic license 2643397 - for non-commercial use only - registered to co___@trinity.ox.ac.uk
Model Status = 9
Gap = 0.033614490501385486
 Run Number: 1
Mean of Kappa: 0.0011250000000000003 STD : 2.168404344971009e-19
Mean of Gamma: 0.0011250000000000003 STD : 2.168404344971009e-19
Model Status = 9
Gap = 0.03282902718731711
 Run Number: 2
Mean of Kappa: 0.0011250000000000003 STD : 2.168404344971009e-19
Mean of Gamma: 0.0011250000000000003 STD : 2.168404344971009e-19
Model Status = 9
Gap = 0.03238143982459195
 Run Number: 3
Mean of Kappa: 0.0011250000000000003 STD : 2.168404344971009e-19
Mean of Gamma: 0.0011250000000000003 STD : 2.168404344971009e-19
Model Status = 9
Gap = 0.045017832795372636
 Run Number: 4
Mean of Kappa: 0.0011250000000000003 STD : 2.168404344971009e-19
Mean of Gamma: 0.0011250000000000003 STD : 2.168404344971009e-19
Model Status = 9
Gap = 0.03508005945003379
 Run Number: 5
Mean of Kappa: 0.0011250000000000003 STD : 2.168404344971009e-19
Mean of Gamma: 0.0011250000000000003 STD : 2.168404344971009e-19
Model Status = 9
Gap = 0.044010883371770206
 Run Number: 6
Mean of Kappa: 0.0011250000000000003 STD : 2.168404344971009e-19
Mean of Gamma: 0.0011250000000000003 STD : 2.168404344971009e-19
Model Status = 9
Gap = 0.03616637280812456
 Run Number: 7
Mean of Kappa: 0.0011250000000000003 STD : 2.168404344971009e-19
Mean of Gamma: 0.0011250000000000003 STD : 2.168404344971009e-19
Model Status = 9
Gap = 0.04799170805093459
 Run Number: 8
Mean of Kappa: 0.0011250000000000003 STD : 2.168404344971009e-19
Mean of Gamma: 0.0011250000000000003 STD : 2.168404344971009e-19
Model Status = 9
Gap = 0.047733497398290574
 Run Number: 9
Mean of Kappa: 0.0011250000000000003 STD : 2.168404344971009e-19
Mean of Gamma: 0.0011250000000000003 STD : 2.168404344971009e-19
Model Status = 9
Gap = 0.021828351305906546
 Run Number: 0
Mean of Kappa: 0.0010000000000000002 STD : 2.168404344971009e-19
Mean of Gamma: 0.0010000000000000002 STD : 2.168404344971009e-19
Model Status = 2
Gap = 0.0018990008769720226
 Run Number: 1
Mean of Kappa: 0.0010000000000000002 STD : 2.168404344971009e-19
Mean of Gamma: 0.0010000000000000002 STD : 2.168404344971009e-19
Model Status = 2
Gap = 0.0015755096558770177
 Run Number: 2
Mean of Kappa: 0.0010000000000000002 STD : 2.168404344971009e-19
Mean of Gamma: 0.0010000000000000002 STD : 2.168404344971009e-19
Model Status = 2
Gap = 0.0012647666044871394
 Run Number: 3
Mean of Kappa: 0.0010000000000000002 STD : 2.168404344971009e-19
Mean of Gamma: 0.0010000000000000002 STD : 2.168404344971009e-19
Model Status = 2
Gap = 0.0012812348890958469
 Run Number: 4
Mean of Kappa: 0.0010000000000000002 STD : 2.168404344971009e-19
Mean of Gamma: 0.0010000000000000002 STD : 2.168404344971009e-19
Model Status = 2
Gap = 0.001066747630783175
 Run Number: 5
Mean of Kappa: 0.0010000000000000002 STD : 2.168404344971009e-19
Mean of Gamma: 0.0010000000000000002 STD : 2.168404344971009e-19
Model Status = 2
Gap = 0.001991561989682032
 Run Number: 6
Mean of Kappa: 0.0010000000000000002 STD : 2.168404344971009e-19
Mean of Gamma: 0.0010000000000000002 STD : 2.168404344971009e-19
Model Status = 2
Gap = 0.001556391178166563
 Run Number: 7
Mean of Kappa: 0.0010000000000000002 STD : 2.168404344971009e-19
Mean of Gamma: 0.0010000000000000002 STD : 2.168404344971009e-19
Model Status = 2
Gap = 0.0019021101620625871
 Run Number: 8
Mean of Kappa: 0.0010000000000000002 STD : 2.168404344971009e-19
Mean of Gamma: 0.0010000000000000002 STD : 2.168404344971009e-19
Model Status = 2
Gap = 0.0019220080232330034
 Run Number: 9
Mean of Kappa: 0.0010000000000000002 STD : 2.168404344971009e-19
Mean of Gamma: 0.0010000000000000002 STD : 2.168404344971009e-19
Model Status = 2
Gap = 0.0019385140856416222
 Run Number: 0
Mean of Kappa: 0.0008750000000000003 STD : 4.336808689942018e-19
Mean of Gamma: 0.0008750000000000003 STD : 4.336808689942018e-19
Model Status = 2
Gap = 0.0
 Run Number: 1
Mean of Kappa: 0.0008750000000000003 STD : 4.336808689942018e-19
Mean of Gamma: 0.0008750000000000003 STD : 4.336808689942018e-19
Model Status = 2
Gap = 0.0
 Run Number: 2
Mean of Kappa: 0.0008750000000000003 STD : 4.336808689942018e-19
Mean of Gamma: 0.0008750000000000003 STD : 4.336808689942018e-19
Model Status = 2
Gap = 0.0
 Run Number: 3
Mean of Kappa: 0.0008750000000000003 STD : 4.336808689942018e-19
Mean of Gamma: 0.0008750000000000003 STD : 4.336808689942018e-19
Model Status = 2
Gap = 0.0
 Run Number: 4
Mean of Kappa: 0.0008750000000000003 STD : 4.336808689942018e-19
Mean of Gamma: 0.0008750000000000003 STD : 4.336808689942018e-19
Model Status = 2
Gap = 0.0
 Run Number: 5
Mean of Kappa: 0.0008750000000000003 STD : 4.336808689942018e-19
Mean of Gamma: 0.0008750000000000003 STD : 4.336808689942018e-19
Model Status = 2
Gap = 0.0
 Run Number: 6
Mean of Kappa: 0.0008750000000000003 STD : 4.336808689942018e-19
Mean of Gamma: 0.0008750000000000003 STD : 4.336808689942018e-19
Model Status = 2
Gap = 0.0
 Run Number: 7
Mean of Kappa: 0.0008750000000000003 STD : 4.336808689942018e-19
Mean of Gamma: 0.0008750000000000003 STD : 4.336808689942018e-19
Model Status = 2
Gap = 0.0
 Run Number: 8
Mean of Kappa: 0.0008750000000000003 STD : 4.336808689942018e-19
Mean of Gamma: 0.0008750000000000003 STD : 4.336808689942018e-19
Model Status = 2
Gap = 0.0
 Run Number: 9
Mean of Kappa: 0.0008750000000000003 STD : 4.336808689942018e-19
Mean of Gamma: 0.0008750000000000003 STD : 4.336808689942018e-19
Model Status = 2
Gap = 0.0
Optimization results saved to: TIM_opt_vary_theta_results_20250519_055002
